
################################################################################

 PACKMOL - Packing optimization for the automated generation of
 starting configurations for molecular dynamics simulations.
 
                                                             Version 21.2.1 

################################################################################

  Packmol must be run with: packmol < inputfile.inp 

  Userguide at: http://m3g.iqm.unicamp.br/packmol 

  Reading input file... (Control-C aborts)
  Types of coordinate files specified: xyz
  Seed for random number generator:      1234567
  Output file: bulk.xyz
  Reading coordinate file: /home/users/Beom/work/1.Project/0.automization/packmol_runner/1.packmol_bulk_box_after_run/input_files/cl.xyz
  Reading coordinate file: /home/users/Beom/work/1.Project/0.automization/packmol_runner/1.packmol_bulk_box_after_run/input_files/na.xyz
  Reading coordinate file: /home/users/Beom/work/1.Project/0.automization/packmol_runner/1.packmol_bulk_box_after_run/input_files/water.xyz
  Number of independent structures:            3
  The structures are: 
  Structure            1 :Cl- ion(           1  atoms)
  Structure            2 :Na+ ion(           1  atoms)
  Structure            3 :H2O(           3  atoms)
  Maximum number of GENCAN loops for all molecule packing:          600
  Distance tolerance:    2.2000000000000002     
  Number of molecules of type            1 :           16
  Number of molecules of type            2 :           16
  Number of molecules of type            3 :          851
  Total number of restrictions:            3
  Total number of atoms:         2585
  Total number of molecules:          883
  Number of fixed molecules:            0
  Number of free molecules:          883
  Number of variables:         5298
  Total number of fixed atoms:            0
  Maximum internal distance of type            1 :    0.0000000000000000     
  Maximum internal distance of type            2 :    0.0000000000000000     
  Maximum internal distance of type            3 :    1.0739000000000001     
  All atoms must be within these coordinates: 
   x: [   -1000.0000000000000      ,    1000.0000000000000       ] 
   y: [   -1000.0000000000000      ,    1000.0000000000000       ] 
   z: [   -1000.0000000000000      ,    1000.0000000000000       ] 
  If the system is larger than this, increase the sidemax parameter. 

################################################################################

  Building initial approximation ... 

################################################################################

  Adjusting initial point to fit the constraints 

--------------------------------------------------------------------------------

--------------------------------------------------------------------------------

  Molecules of type:            1

  Packing:|0                                                        100%|
          |******

  Restraint-only function value:    1.5743917031709365E-013
  Maximum violation of the restraints:    5.2464107983585284E-014

--------------------------------------------------------------------------------

  Molecules of type:            2

  Packing:|0                                                        100%|
          |******

  Restraint-only function value:    6.3726447771077973E-014
  Maximum violation of the restraints:    2.4408725887543154E-014

--------------------------------------------------------------------------------

  Molecules of type:            3

  Packing:|0                                                        100%|
          |*********************

  Restraint-only function value:    7.6824743285581801E-006
  Maximum violation of the restraints:    1.9637648034131374E-006

--------------------------------------------------------------------------------

  Rescaling maximum and minimum coordinates... 
  Mininum and maximum coordinates after constraint fitting: 
   x: [   -1.2685009958672347E-003 ,    30.000762484198109       ] 
   y: [   -9.0177956504874229E-004 ,    30.001401343927597       ] 
   z: [   -3.5689927027069234E-005 ,    30.000000134440427       ] 
  Computing size of patches... 
  Number of cells in each direction and cell sides: 
   x:           14  cells of size    2.4887164989424266     
   y:           14  cells of size    2.4887359373923319     
   z:           14  cells of size    2.4885739874548181     
  Cell-system length:   34.84203  34.84230  34.84004
  Reseting center of mass... 

--------------------------------------------------------------------------------

  Setting initial trial coordinates ... 

--------------------------------------------------------------------------------

--------------------------------------------------------------------------------

  Molecules of type:            1
  Adjusting random positions to fit the constraints. 
  Restraint-only function value:    0.0000000000000000     
  Maximum violation of the restraints:    0.0000000000000000     

--------------------------------------------------------------------------------

  Molecules of type:            2
  Adjusting random positions to fit the constraints. 
  Restraint-only function value:    0.0000000000000000     
  Maximum violation of the restraints:    0.0000000000000000     

--------------------------------------------------------------------------------

  Molecules of type:            3
  Adjusting random positions to fit the constraints. 
  Packing:|0                                                        100%|
          |***
  Restraint-only function value:    6.0479582001256452E-003
  Maximum violation of the restraints:    4.8661399969824473E-003

################################################################################

  Objective function at initial point:    28029.320878226372     

################################################################################

  Packing molecules of type:            1

################################################################################


  Initial approximation is a solution. Nothing to do. 

  Current point written to file: bulk.xyz
--------------------------------------------------------------------------------
  Packing solved for molecules of type           1
  Objective function value:    0.0000000000000000     
  Maximum violation of target distance:    0.0000000000000000     
  Max. constraint violation:    0.0000000000000000     
--------------------------------------------------------------------------------

################################################################################

  Packing molecules of type:            2

################################################################################


  Initial approximation is a solution. Nothing to do. 

  Current point written to file: bulk.xyz
--------------------------------------------------------------------------------
  Packing solved for molecules of type           2
  Objective function value:    0.0000000000000000     
  Maximum violation of target distance:    0.0000000000000000     
  Max. constraint violation:    0.0000000000000000     
--------------------------------------------------------------------------------

################################################################################

  Packing molecules of type:            3

################################################################################


--------------------------------------------------------------------------------

  Starting GENCAN loop:            0
  Scaling radii by:    1.1000000000000001     

  Packing:|0                                                        100%|
          |*************************************************************|


  Function value from last GENCAN loop: f = .39800E-01
  Best function value before: f = .27414E+05
  Improvement from best function value:    99.99 %
  Improvement from last loop:    99.99 %
  Maximum violation of target distance:     0.000000
  Maximum violation of the constraints: .74609E-02
  Current structure written to file: bulk.xyz
--------------------------------------------------------------------------------
  Packing solved for molecules of type           3
  Objective function value:    3.9799619019538698E-002
  Maximum violation of target distance:    0.0000000000000000     
  Max. constraint violation:    7.4608690284948421E-003
--------------------------------------------------------------------------------

################################################################################

  Packing all molecules together 

################################################################################


--------------------------------------------------------------------------------

  Starting GENCAN loop:            0
  Scaling radii by:    1.1000000000000001     

  Packing:|0                                                        100%|
          |*********************************

  Function value from last GENCAN loop: f = .20277E-02
  Best function value before: f = .64191E+03
  Improvement from best function value:    99.99 %
  Improvement from last loop:    99.99 %
  Maximum violation of target distance:     0.000000
  Maximum violation of the constraints: .83700E-03

################################################################################

                                 Success! 
              Final objective function value: .20277E-02
              Maximum violation of target distance:   0.000000
              Maximum violation of the constraints: .83700E-03

--------------------------------------------------------------------------------

              Please cite this work if Packmol was useful: 

           L. Martinez, R. Andrade, E. G. Birgin, J. M. Martinez, 
         PACKMOL: A package for building initial configurations for
                   molecular dynamics simulations. 
        Journal of Computational Chemistry, 30(13) pp. 2157-2164, 2009.
                  https://doi.org/10.1002/jcc.21224

################################################################################

  Solution written to file: bulk.xyz

--------------------------------------------------------------------------------

   Running time:   0.851105988      seconds. 

--------------------------------------------------------------------------------


