
################################################################################

 PACKMOL - Packing optimization for the automated generation of
 starting configurations for molecular dynamics simulations.
 
                                                             Version 21.2.1 

################################################################################

  Packmol must be run with: packmol < inputfile.inp 

  Userguide at: http://m3g.iqm.unicamp.br/packmol 

  Reading input file... (Control-C aborts)
  Types of coordinate files specified: xyz
  Seed for random number generator:      7777777
  Output file: graphene_slab_water_pack.xyz
  Reading coordinate file: /home/users/Beom/work/1.Project/0.automization/packmol_runner/2.packmol_slab_after_run/work/fixed_slab_for_packmol.xyz
  Reading coordinate file: /home/users/Beom/work/1.Project/0.automization/packmol_runner/2.packmol_slab_after_run/input_files/cl.xyz
  Reading coordinate file: /home/users/Beom/work/1.Project/0.automization/packmol_runner/2.packmol_slab_after_run/input_files/na.xyz
  Reading coordinate file: /home/users/Beom/work/1.Project/0.automization/packmol_runner/2.packmol_slab_after_run/input_files/water.xyz
  Number of independent structures:            4
  The structures are: 
  Structure            1 :Properties=species:S:1:pos:R:3 Bilayer=T graphene;=T target=T gap=6.0 nm=T (top=T layer=T shifted=T by=T 53.300=T Å,=T z_min=T set=T to=T 0.0)=T pbc="F F F"(         120  atoms)
  Structure            2 :Cl- ion(           1  atoms)
  Structure            3 :Na+ ion(           1  atoms)
  Structure            4 :H2O(           3  atoms)
  Maximum number of GENCAN loops for all molecule packing:          800
  Distance tolerance:    2.0000000000000000     
  Number of molecules of type            1 :            1
  Number of molecules of type            2 :            8
  Number of molecules of type            3 :            8
  Number of molecules of type            4 :          374
  Total number of restrictions:            4
  Total number of atoms:         1258
  Molecule Properties=species:S:1:pos:R:3 Bilayer=T graphene;=T target=T gap=6.0 nm=T (top=T layer=T shifted=T by=T 53.300=T Å,=T z_min=T set=T to=T 0.0)=T pbc="F F F"(           1 ) will be fixed.
  Total number of molecules:          391
  Number of fixed molecules:            1
  Number of free molecules:          390
  Number of variables:         2340
  Total number of fixed atoms:          120
  Maximum internal distance of type            1 :    0.0000000000000000     
  Maximum internal distance of type            2 :    0.0000000000000000     
  Maximum internal distance of type            3 :    1.0739000000000001     
  All atoms must be within these coordinates: 
   x: [   -999.01120000000003      ,    1000.9888000000000       ] 
   y: [   -999.43039999999996      ,    1000.5696000000000       ] 
   z: [   -996.79999999999995      ,    1003.2000000000000       ] 
  If the system is larger than this, increase the sidemax parameter. 

################################################################################

  Building initial approximation ... 

################################################################################

  Adjusting initial point to fit the constraints 

--------------------------------------------------------------------------------

--------------------------------------------------------------------------------

  Molecules of type:            2

  Packing:|0                                                        100%|
          |******

  Restraint-only function value:    9.6286784572381991E-016
  Maximum violation of the restraints:    4.5615225004455774E-016

--------------------------------------------------------------------------------

  Molecules of type:            3

  Packing:|0                                                        100%|
          |******

  Restraint-only function value:    1.1434929923557637E-014
  Maximum violation of the restraints:    4.8674811156363013E-015

--------------------------------------------------------------------------------

  Molecules of type:            4

  Packing:|0                                                        100%|
          |***************

  Restraint-only function value:    3.0506721826343588E-002
  Maximum violation of the restraints:    6.2664029120562950E-003

--------------------------------------------------------------------------------

  Rescaling maximum and minimum coordinates... 
  Mininum and maximum coordinates after constraint fitting: 
   x: [   0.53883938534816511      ,    11.805221526509730       ] 
   y: [   0.28194386364265323      ,    12.479281189645532       ] 
   z: [    0.0000000000000000      ,    60.000000000000000       ] 
  Computing size of patches... 
  Number of cells in each direction and cell sides: 
   x:            7  cells of size    2.2380545915945089     
   y:            7  cells of size    2.3710481894289828     
   z:           28  cells of size    2.3000000000000003     
  Cell-system length:   15.66638  16.59734  64.40000
  Add fixed molecules to permanent arrays... 
  Reseting center of mass... 

--------------------------------------------------------------------------------

  Setting initial trial coordinates ... 

--------------------------------------------------------------------------------

--------------------------------------------------------------------------------

  Molecules of type:            2
  Adjusting random positions to fit the constraints. 
  Restraint-only function value:    0.0000000000000000     
  Maximum violation of the restraints:    0.0000000000000000     

--------------------------------------------------------------------------------

  Molecules of type:            3
  Adjusting random positions to fit the constraints. 
  Restraint-only function value:    0.0000000000000000     
  Maximum violation of the restraints:    0.0000000000000000     

--------------------------------------------------------------------------------

  Molecules of type:            4
  Adjusting random positions to fit the constraints. 
  Packing:|0                                                        100%|
          |***
  Restraint-only function value:    1.1220646069360370E-005
  Maximum violation of the restraints:    8.5569663540519470E-006

################################################################################

  Objective function at initial point:    10847.179231597422     

################################################################################

  Packing molecules of type:            2

################################################################################


  Initial approximation is a solution. Nothing to do. 

  Current point written to file: graphene_slab_water_pack.xyz
--------------------------------------------------------------------------------
  Packing solved for molecules of type           2
  Objective function value:    0.0000000000000000     
  Maximum violation of target distance:    0.0000000000000000     
  Max. constraint violation:    0.0000000000000000     
--------------------------------------------------------------------------------

################################################################################

  Packing molecules of type:            3

################################################################################


  Initial approximation is a solution. Nothing to do. 

  Current point written to file: graphene_slab_water_pack.xyz
--------------------------------------------------------------------------------
  Packing solved for molecules of type           3
  Objective function value:    0.0000000000000000     
  Maximum violation of target distance:    0.0000000000000000     
  Max. constraint violation:    0.0000000000000000     
--------------------------------------------------------------------------------

################################################################################

  Packing molecules of type:            4

################################################################################


--------------------------------------------------------------------------------

  Starting GENCAN loop:            0
  Scaling radii by:    1.1000000000000001     

  Packing:|0                                                        100%|
          |*********************************************************

  Function value from last GENCAN loop: f = .10412E-01
  Best function value before: f = .10652E+05
  Improvement from best function value:    99.99 %
  Improvement from last loop:    99.99 %
  Maximum violation of target distance:     0.000000
  Maximum violation of the constraints: .39025E-02
  Current structure written to file: graphene_slab_water_pack.xyz
--------------------------------------------------------------------------------
  Packing solved for molecules of type           4
  Objective function value:    1.0412049916095208E-002
  Maximum violation of target distance:    0.0000000000000000     
  Max. constraint violation:    3.9024678700333723E-003
--------------------------------------------------------------------------------

################################################################################

  Packing all molecules together 

################################################################################


--------------------------------------------------------------------------------

  Starting GENCAN loop:            0
  Scaling radii by:    1.1000000000000001     

  Packing:|0                                                        100%|
          |************************

  Function value from last GENCAN loop: f = .12403E-01
  Best function value before: f = .33199E+03
  Improvement from best function value:    99.99 %
  Improvement from last loop:    99.99 %
  Maximum violation of target distance:     0.000000
  Maximum violation of the constraints: .72135E-02

################################################################################

                                 Success! 
              Final objective function value: .12403E-01
              Maximum violation of target distance:   0.000000
              Maximum violation of the constraints: .72135E-02

--------------------------------------------------------------------------------

              Please cite this work if Packmol was useful: 

           L. Martinez, R. Andrade, E. G. Birgin, J. M. Martinez, 
         PACKMOL: A package for building initial configurations for
                   molecular dynamics simulations. 
        Journal of Computational Chemistry, 30(13) pp. 2157-2164, 2009.
                  https://doi.org/10.1002/jcc.21224

################################################################################

  Solution written to file: graphene_slab_water_pack.xyz

--------------------------------------------------------------------------------

   Running time:   0.349257022      seconds. 

--------------------------------------------------------------------------------


